<?xml version="1.0" encoding="UTF-8"?>
<testng-results ignored="0" total="1" passed="1" failed="0" skipped="0">
  <reporter-output>
  </reporter-output>
  <suite started-at="2024-09-01T13:29:08 BST" name="Default suite" finished-at="2024-09-01T13:29:17 BST" duration-ms="8692">
    <groups>
    </groups>
    <test started-at="2024-09-01T13:29:08 BST" name="Default test" finished-at="2024-09-01T13:29:17 BST" duration-ms="8692">
      <class name="Seleniumwindowhandles.windowhandles.windowhandles">
        <test-method is-config="true" signature="startChromeBrowser()[pri:0, instance:Seleniumwindowhandles.windowhandles.windowhandles@247310d0]" started-at="2024-09-01T13:29:06 BST" name="startChromeBrowser" finished-at="2024-09-01T13:29:08 BST" duration-ms="2263" status="PASS">
          <reporter-output>
          </reporter-output>
        </test-method> <!-- startChromeBrowser -->
        <test-method is-config="true" signature="openUrl()[pri:0, instance:Seleniumwindowhandles.windowhandles.windowhandles@247310d0]" started-at="2024-09-01T13:29:08 BST" name="openUrl" finished-at="2024-09-01T13:29:14 BST" duration-ms="6144" status="PASS">
          <reporter-output>
          </reporter-output>
        </test-method> <!-- openUrl -->
        <test-method signature="handlewindows()[pri:0, instance:Seleniumwindowhandles.windowhandles.windowhandles@247310d0]" started-at="2024-09-01T13:29:14 BST" name="handlewindows" finished-at="2024-09-01T13:29:17 BST" duration-ms="2509" status="PASS">
          <reporter-output>
          </reporter-output>
        </test-method> <!-- handlewindows -->
        <test-method is-config="true" signature="closeChromeBrowser()[pri:0, instance:Seleniumwindowhandles.windowhandles.windowhandles@247310d0]" started-at="2024-09-01T13:29:17 BST" name="closeChromeBrowser" finished-at="2024-09-01T13:29:17 BST" duration-ms="100" status="PASS">
          <reporter-output>
          </reporter-output>
        </test-method> <!-- closeChromeBrowser -->
      </class> <!-- Seleniumwindowhandles.windowhandles.windowhandles -->
    </test> <!-- Default test -->
  </suite> <!-- Default suite -->
</testng-results>
